
1월 06, 2023 11:54:16.09 NEW SESSION
1월 06, 2023 11:54:16.10 [2756:11964:0106/115416.006:ERROR:interface_endpoint_client.cc(694)] Message 0 rejected by interface blink.mojom.WidgetHost

1월 06, 2023 15:22:18.120 NEW SESSION
1월 06, 2023 15:22:18.120 [13016:8164:0106/152218.118:ERROR:device_event_log_impl.cc(215)] [15:22:18.119] Bluetooth: bluetooth_adapter_winrt.cc:1074 Getting Default Adapter failed.
1월 06, 2023 15:23:16.39 [13016:5172:0106/152316.039:ERROR:util.cc(133)] Can't create base directory: C:\Program Files\Google\GoogleUpdater
1월 06, 2023 15:50:30.916 [13156:12568:0106/155030.916:ERROR:device_event_log_impl.cc(215)] [15:50:30.916] Bluetooth: bluetooth_adapter_winrt.cc:1074 Getting Default Adapter failed.
1월 06, 2023 15:51:28.762 [13156:4524:0106/155128.760:ERROR:util.cc(133)] Can't create base directory: C:\Program Files\Google\GoogleUpdater
1월 06, 2023 16:16:39.797 [10052:9416:0106/161639.797:ERROR:device_event_log_impl.cc(215)] [16:16:39.797] Bluetooth: bluetooth_adapter_winrt.cc:1074 Getting Default Adapter failed.
1월 06, 2023 16:25:25.716 [9128:9672:0106/162525.715:ERROR:device_event_log_impl.cc(215)] [16:25:25.715] Bluetooth: bluetooth_adapter_winrt.cc:1074 Getting Default Adapter failed.
1월 06, 2023 16:25:34.996 [2396:11696:0106/162534.996:ERROR:device_event_log_impl.cc(215)] [16:25:34.995] Bluetooth: bluetooth_adapter_winrt.cc:1074 Getting Default Adapter failed.
1월 06, 2023 16:26:32.595 [7820:3500:0106/162632.595:ERROR:device_event_log_impl.cc(215)] [16:26:32.595] Bluetooth: bluetooth_adapter_winrt.cc:1074 Getting Default Adapter failed.
1월 06, 2023 16:28:19.405 [12124:2476:0106/162819.405:ERROR:device_event_log_impl.cc(215)] [16:28:19.405] Bluetooth: bluetooth_adapter_winrt.cc:1074 Getting Default Adapter failed.
1월 06, 2023 16:50:22.283 [12596:2312:0106/165022.282:ERROR:device_event_log_impl.cc(215)] [16:50:22.283] Bluetooth: bluetooth_adapter_winrt.cc:1074 Getting Default Adapter failed.
1월 06, 2023 16:51:19.401 [12596:4512:0106/165119.400:ERROR:util.cc(133)] Can't create base directory: C:\Program Files\Google\GoogleUpdater
1월 06, 2023 17:09:06.746 [8708:3964:0106/170906.745:ERROR:device_event_log_impl.cc(215)] [17:09:06.745] Bluetooth: bluetooth_adapter_winrt.cc:1074 Getting Default Adapter failed.
1월 06, 2023 17:38:40.396 [6544:9160:0106/173840.395:ERROR:device_event_log_impl.cc(215)] [17:38:40.395] Bluetooth: bluetooth_adapter_winrt.cc:1074 Getting Default Adapter failed.
1월 06, 2023 17:39:24.461 [9196:1064:0106/173924.460:ERROR:device_event_log_impl.cc(215)] [17:39:24.460] Bluetooth: bluetooth_adapter_winrt.cc:1074 Getting Default Adapter failed.
1월 06, 2023 17:40:13.382 [8044:13084:0106/174013.382:ERROR:device_event_log_impl.cc(215)] [17:40:13.381] Bluetooth: bluetooth_adapter_winrt.cc:1074 Getting Default Adapter failed.
1월 06, 2023 17:41:54.971 [12712:13180:0106/174154.971:ERROR:device_event_log_impl.cc(215)] [17:41:54.971] Bluetooth: bluetooth_adapter_winrt.cc:1074 Getting Default Adapter failed.
1월 06, 2023 17:42:52.914 [12712:1348:0106/174252.912:ERROR:util.cc(133)] Can't create base directory: C:\Program Files\Google\GoogleUpdater

1월 09, 2023 11:09:31.340 NEW SESSION
1월 09, 2023 11:09:31.340 [11508:11180:0109/110931.338:ERROR:device_event_log_impl.cc(215)] [11:09:31.338] Bluetooth: bluetooth_adapter_winrt.cc:1074 Getting Default Adapter failed.
1월 09, 2023 11:10:29.230 [11508:5852:0109/111029.230:ERROR:util.cc(133)] Can't create base directory: C:\Program Files\Google\GoogleUpdater
1월 09, 2023 14:01:58.728 [11508:11180:0109/140158.728:ERROR:interface_endpoint_client.cc(694)] Message 0 rejected by interface blink.mojom.WidgetHost

1월 09, 2023 18:22:22.209 NEW SESSION
1월 09, 2023 18:22:22.209 [11132:1904:0109/182222.206:ERROR:device_event_log_impl.cc(215)] [18:22:22.206] Bluetooth: bluetooth_adapter_winrt.cc:1074 Getting Default Adapter failed.
1월 09, 2023 18:23:20.124 [11132:12408:0109/182320.123:ERROR:util.cc(133)] Can't create base directory: C:\Program Files\Google\GoogleUpdater
1월 09, 2023 18:25:32.23 [4704:12688:0109/182532.022:ERROR:device_event_log_impl.cc(215)] [18:25:32.022] Bluetooth: bluetooth_adapter_winrt.cc:1074 Getting Default Adapter failed.
1월 09, 2023 18:26:29.900 [4704:13252:0109/182629.899:ERROR:util.cc(133)] Can't create base directory: C:\Program Files\Google\GoogleUpdater

1월 09, 2023 21:41:11.629 NEW SESSION
1월 09, 2023 21:41:11.629 [30488:18100:0109/214111.628:ERROR:device_event_log_impl.cc(215)] [21:41:11.628] Bluetooth: bluetooth_adapter_winrt.cc:1074 Getting Default Adapter failed.
1월 09, 2023 21:41:35.746 [25356:25468:0109/214135.746:ERROR:device_event_log_impl.cc(215)] [21:41:35.746] Bluetooth: bluetooth_adapter_winrt.cc:1074 Getting Default Adapter failed.
1월 09, 2023 21:43:18.352 [15328:15948:0109/214318.352:ERROR:device_event_log_impl.cc(215)] [21:43:18.352] Bluetooth: bluetooth_adapter_winrt.cc:1074 Getting Default Adapter failed.

1월 10, 2023 10:13:16.345 NEW SESSION
1월 10, 2023 10:13:16.345 [11208:3540:0110/101316.343:ERROR:device_event_log_impl.cc(215)] [10:13:16.343] Bluetooth: bluetooth_adapter_winrt.cc:1074 Getting Default Adapter failed.
1월 10, 2023 10:14:11.581 [11208:5936:0110/101411.579:ERROR:util.cc(133)] Can't create base directory: C:\Program Files\Google\GoogleUpdater
1월 10, 2023 10:18:59.136 [9776:10820:0110/101859.136:ERROR:device_event_log_impl.cc(215)] [10:18:59.135] Bluetooth: bluetooth_adapter_winrt.cc:1074 Getting Default Adapter failed.
1월 10, 2023 10:19:57.01 [9776:10532:0110/101957.000:ERROR:util.cc(133)] Can't create base directory: C:\Program Files\Google\GoogleUpdater
1월 10, 2023 10:59:23.908 [7276:13200:0110/105923.907:ERROR:device_event_log_impl.cc(215)] [10:59:23.907] Bluetooth: bluetooth_adapter_winrt.cc:1074 Getting Default Adapter failed.
1월 10, 2023 11:00:21.749 [7276:12356:0110/110021.748:ERROR:util.cc(133)] Can't create base directory: C:\Program Files\Google\GoogleUpdater
1월 10, 2023 11:00:50.333 [9420:4704:0110/110050.332:ERROR:device_event_log_impl.cc(215)] [11:00:50.332] Bluetooth: bluetooth_adapter_winrt.cc:1074 Getting Default Adapter failed.
1월 10, 2023 11:01:48.203 [9420:6328:0110/110148.202:ERROR:util.cc(133)] Can't create base directory: C:\Program Files\Google\GoogleUpdater

1월 10, 2023 11:11:54.161 NEW SESSION
1월 10, 2023 11:11:54.161 [11728:9560:0110/111154.159:ERROR:device_event_log_impl.cc(215)] [11:11:54.160] Bluetooth: bluetooth_adapter_winrt.cc:1074 Getting Default Adapter failed.
1월 10, 2023 11:17:16.435 [11772:6412:0110/111716.434:ERROR:device_event_log_impl.cc(215)] [11:17:16.434] Bluetooth: bluetooth_adapter_winrt.cc:1074 Getting Default Adapter failed.
1월 10, 2023 11:50:50.03 [592:12424:0110/115050.003:ERROR:device_event_log_impl.cc(215)] [11:50:50.003] Bluetooth: bluetooth_adapter_winrt.cc:1074 Getting Default Adapter failed.
1월 10, 2023 11:51:47.914 [592:2708:0110/115147.914:ERROR:util.cc(133)] Can't create base directory: C:\Program Files\Google\GoogleUpdater
1월 10, 2023 11:52:20.263 [6408:7140:0110/115220.263:ERROR:device_event_log_impl.cc(215)] [11:52:20.262] Bluetooth: bluetooth_adapter_winrt.cc:1074 Getting Default Adapter failed.
1월 10, 2023 11:53:18.196 [6408:9056:0110/115318.195:ERROR:util.cc(133)] Can't create base directory: C:\Program Files\Google\GoogleUpdater
1월 10, 2023 11:54:43.108 [7616:4252:0110/115443.107:ERROR:device_event_log_impl.cc(215)] [11:54:43.107] Bluetooth: bluetooth_adapter_winrt.cc:1074 Getting Default Adapter failed.
1월 10, 2023 11:54:59.645 [12468:1880:0110/115459.645:ERROR:device_event_log_impl.cc(215)] [11:54:59.645] Bluetooth: bluetooth_adapter_winrt.cc:1074 Getting Default Adapter failed.
1월 10, 2023 11:55:57.516 [12468:2036:0110/115557.515:ERROR:util.cc(133)] Can't create base directory: C:\Program Files\Google\GoogleUpdater
1월 10, 2023 12:01:52.399 [12468:1880:0110/120152.398:ERROR:interface_endpoint_client.cc(694)] Message 1 rejected by interface blink.mojom.WidgetHost
1월 10, 2023 13:35:34.784 [12468:1880:0110/133534.783:ERROR:interface_endpoint_client.cc(694)] Message 0 rejected by interface blink.mojom.WidgetHost
1월 10, 2023 14:11:31.986 [12468:10308:0110/141131.984:ERROR:connection_factory_impl.cc(472)] ConnectionHandler failed with net error: -2
1월 10, 2023 14:39:21.232 [12468:1880:0110/143921.232:ERROR:interface_endpoint_client.cc(694)] Message 0 rejected by interface blink.mojom.WidgetHost
1월 10, 2023 14:39:29.928 [libprotobuf ERROR ..\..\third_party\protobuf\src\google\protobuf\message_lite.cc:133] Can't parse message of type "safe_browsing.ClientDownloadRequest" because it is missing required fields: (cannot determine missing fields for lite message)
1월 10, 2023 14:58:35.15 [libprotobuf ERROR ..\..\third_party\protobuf\src\google\protobuf\message_lite.cc:133] Can't parse message of type "safe_browsing.ClientDownloadRequest" because it is missing required fields: (cannot determine missing fields for lite message)
1월 10, 2023 15:35:37.501 [libprotobuf ERROR ..\..\third_party\protobuf\src\google\protobuf\message_lite.cc:133] Can't parse message of type "safe_browsing.ClientDownloadRequest" because it is missing required fields: (cannot determine missing fields for lite message)
1월 10, 2023 16:03:58.888 [libprotobuf ERROR ..\..\third_party\protobuf\src\google\protobuf\message_lite.cc:133] Can't parse message of type "safe_browsing.ClientDownloadRequest" because it is missing required fields: (cannot determine missing fields for lite message)
1월 10, 2023 16:55:57.524 [12468:9112:0110/165557.523:ERROR:util.cc(133)] Can't create base directory: C:\Program Files\Google\GoogleUpdater
1월 10, 2023 17:32:38.883 [libprotobuf ERROR ..\..\third_party\protobuf\src\google\protobuf\message_lite.cc:133] Can't parse message of type "safe_browsing.ClientDownloadRequest" because it is missing required fields: (cannot determine missing fields for lite message)

1월 11, 2023 10:07:56.300 NEW SESSION
1월 11, 2023 10:07:56.300 [1592:4764:0111/100756.298:ERROR:device_event_log_impl.cc(215)] [10:07:56.298] Bluetooth: bluetooth_adapter_winrt.cc:1074 Getting Default Adapter failed.
1월 11, 2023 10:08:53.317 [1592:7188:0111/100853.316:ERROR:util.cc(133)] Can't create base directory: C:\Program Files\Google\GoogleUpdater
1월 11, 2023 10:51:33.595 [libprotobuf ERROR ..\..\third_party\protobuf\src\google\protobuf\message_lite.cc:133] Can't parse message of type "safe_browsing.ClientDownloadRequest" because it is missing required fields: (cannot determine missing fields for lite message)
1월 11, 2023 11:15:01.809 [1592:4764:0111/111501.809:ERROR:interface_endpoint_client.cc(694)] Message 0 rejected by interface blink.mojom.WidgetHost
1월 11, 2023 11:15:16.507 [libprotobuf ERROR ..\..\third_party\protobuf\src\google\protobuf\message_lite.cc:133] Can't parse message of type "safe_browsing.ClientDownloadRequest" because it is missing required fields: (cannot determine missing fields for lite message)
1월 11, 2023 11:43:08.500 [libprotobuf ERROR ..\..\third_party\protobuf\src\google\protobuf\message_lite.cc:133] Can't parse message of type "safe_browsing.ClientDownloadRequest" because it is missing required fields: (cannot determine missing fields for lite message)
1월 11, 2023 12:10:17.544 [libprotobuf ERROR ..\..\third_party\protobuf\src\google\protobuf\message_lite.cc:133] Can't parse message of type "safe_browsing.ClientDownloadRequest" because it is missing required fields: (cannot determine missing fields for lite message)
1월 11, 2023 12:17:00.408 [1592:4764:0111/121700.408:ERROR:interface_endpoint_client.cc(694)] Message 5 rejected by interface blink.mojom.WidgetHost
1월 11, 2023 14:35:59.911 [libprotobuf ERROR ..\..\third_party\protobuf\src\google\protobuf\message_lite.cc:133] Can't parse message of type "safe_browsing.ClientDownloadRequest" because it is missing required fields: (cannot determine missing fields for lite message)
